[2026-02-10 18:30:01] INFO  - System Boot: WeldController v1.0.9.
[2026-02-10 18:30:05] INFO  - Handshake established with Upstream_Sync (Robot-A).
[2026-02-10 18:31:05] INFO  - Calibration check: Pass. Weld tip wear: 12%.
[2026-02-10 18:45:15] INFO  - Unit 100 processed. Weld depth nominal.
[2026-02-10 19:02:18] INFO  - Unit 200 processed. 
[2026-02-10 19:05:40] WARN  - Transformer_Temp: 88°C (Threshold: 85°C).
[2026-02-10 19:05:42] ERROR - THERMAL_THROTTLING: Cooling pump speed increased to 100%.
[2026-02-10 19:05:43] INFO  - Sending BUSY_HOLD to Upstream_Sync (Robot-A).
[2026-02-10 19:08:10] INFO  - Transformer_Temp: 74°C. Resuming duty cycle.
[2026-02-10 19:08:11] INFO  - Sending READY_SIGNAL to Upstream_Sync.
[2026-02-10 19:10:05] INFO  - Unit 300 processed.
[2026-02-10 19:13:55] WARN  - Weld tip wear: 28%. Scheduled replacement suggested.
[2026-02-10 19:16:38] INFO  - Unit 500 processed.
[2026-02-10 19:18:21] INFO  - Awaiting part from Upstream_Sync.
[2026-02-10 19:18:22] WARN  - SENSOR_MISS: Optical sensor 4 failed to detect part.
[2026-02-10 19:18:22] ERROR - SYNC_FAULT: Upstream machine reported PART_DROPPED.
[2026-02-10 19:18:22] ERROR - INTERLOCK_FAILURE: Welding arc inhibited.
[2026-02-10 19:18:23] FATAL - SYS_HALT: Emergency stop signal received from Robot-A.
[2026-02-10 19:18:24] INFO  - Initiating safe-state shutdown.
[2026-02-10 19:20:00] INFO  - Maintenance Log: Total parts 514. Total failures 1.